iMPACT Version: 13.2

iMPACT log file Started on Sat Sep 24 11:00:17 2011

Welcome to iMPACT
iMPACT Version: 13.2
Project: C:\Xilinx\13.2\\auto_project.ipf created.
// *** BATCH CMD : setMode -bs
// *** BATCH CMD : setCable -port xsvf -file"C:/Users/Andrew/Desktop/bin-to-bcd-project/bin-to-bcd-project/bin-to-bcd.xsvf"
// *** BATCH CMD : addDevice -p 1 -file"C:/Users/Andrew/Desktop/bin-to-bcd-project/bin-to-bcd-project/top.jed"
'1': Loading file'C:/Users/Andrew/Desktop/bin-to-bcd-project/bin-to-bcd-project/top.jed' ...
done.
INFO:iMPACT:1777 - 
   Reading C:/Xilinx/13.2/ISE_DS/ISE/xbr/data/xc2c64a.bsd...
INFO:iMPACT:501 - '1': Added Device xc2c64a successfully.
----------------------------------------------------------------------
Setting Target Device to Mode:BS, Device position 0.
INFO:iMPACT - Current time: 9/24/2011 11:00:51 AM
// *** BATCH CMD : Program -p 1 -e -v 

'1': Erasing device...
'1': Erasure completed successfully.
'1': Programming device...
done.
'1': Verifying device...
done.
'1': Setting ISC done bits...done
'1': Programming completed successfully.
PROGRESS_START - Starting Operation.
PROGRESS_END - End Operation.
Elapsed time =      0 sec.
Project: 'C:\Xilinx\13.2\\auto_project.ipf' created.
// *** BATCH CMD : setMode -bs
// *** BATCH CMD : setMode -ss
// *** BATCH CMD : setMode -sm
// *** BATCH CMD : setMode -hw140
// *** BATCH CMD : setMode -spi
// *** BATCH CMD : setMode -acecf
// *** BATCH CMD : setMode -acempm
// *** BATCH CMD : setMode -pff
// *** BATCH CMD : setMode -bs
// *** BATCH CMD : saveProjectFile -file "C:\Xilinx\13.2\\auto_project.ipf"
// *** BATCH CMD : setMode -bs
INFO:iMPACT - Launching WebTalk, please refer to the webtalk log at   C:\Xilinx\13.2\webtalk.log for details.
INFO:iMPACT - Running wbtc successfully.
// *** BATCH CMD : setMode -bs
// *** BATCH CMD : deleteDevice -position 1
// *** BATCH CMD : setMode -bs
// *** BATCH CMD : setMode -ss
// *** BATCH CMD : setMode -sm
// *** BATCH CMD : setMode -hw140
// *** BATCH CMD : setMode -spi
// *** BATCH CMD : setMode -acecf
// *** BATCH CMD : setMode -acempm
// *** BATCH CMD : setMode -pff
